[2021-01-12 09:06:28.368489 +0100 CET] ERROR: Token is expired
[2021-01-12 09:12:47.735903 +0100 CET] ERROR: Token is expired
[2021-01-12 09:13:02.228752 +0100 CET] ERROR: Token is expired
[2021-01-12 09:13:14.004818 +0100 CET] ERROR: Token is expired
[2021-01-12 09:13:20.238571 +0100 CET] ERROR: Token is expired
[2021-01-12 09:13:21.328712 +0100 CET] ERROR: Token is expired
[2021-01-12 09:13:21.753305 +0100 CET] ERROR: Token is expired
[2021-01-12 09:13:41.231863 +0100 CET] ERROR: Token is expired
[2021-01-12 13:19:40.017225 +0100 CET] ERROR: Token is expired
[2021-01-12 13:19:47.136924 +0100 CET] ERROR: Token is expired
[2021-01-12 13:19:47.914698 +0100 CET] ERROR: Token is expired
[2021-01-12 13:19:48.528698 +0100 CET] ERROR: Token is expired
[2021-01-12 13:19:49.008069 +0100 CET] ERROR: Token is expired
[2021-01-12 14:15:31.416106 +0100 CET] ERROR: Token is expired
[2021-01-13 11:32:22.263757 +0100 CET] ERROR: Token is expired
[2021-01-13 11:33:57.21345 +0100 CET] ERROR: Token is expired
[2021-01-13 11:34:34.919821 +0100 CET] ERROR: Token is expired
[2021-01-18 18:09:53.916439 +0100 CET] ERROR: Token is expired
[2021-01-18 18:18:48.319968 +0100 CET] ERROR: Token is expired
[2021-01-18 18:20:11.790192 +0100 CET] ERROR: Token is expired
[2021-01-18 18:20:30.510534 +0100 CET] ERROR: Token is expired
[2021-01-18 18:23:00.739126 +0100 CET] ERROR: Token is expired
[2021-01-18 18:24:06.105167 +0100 CET] ERROR: Token is expired
[2021-01-18 18:27:20.192388 +0100 CET] ERROR: Token is expired
[2021-01-18 18:30:57.175107 +0100 CET] ERROR: Token is expired
[2021-01-18 18:47:49.18347 +0100 CET] ERROR: Token is expired
[2021-01-18 18:48:48.923497 +0100 CET] ERROR: Token is expired
[2021-01-18 18:48:49.15896 +0100 CET] ERROR: Token is expired
[2021-01-18 19:08:55.18488 +0100 CET] ERROR: Token is expired
[2021-01-18 19:10:16.444489 +0100 CET] ERROR: Token is expired
[2021-01-18 19:12:37.21183 +0100 CET] ERROR: Token is expired
[2021-01-18 23:16:59.04499 +0100 CET] ERROR: pq: syntax error at or near "label"
[2021-01-19 15:20:19.715645 +0100 CET] ERROR: pq: syntax error at or near "FOREIGN"
[2021-01-19 15:21:14.568843 +0100 CET] ERROR: pq: syntax error at or near "FOREIGN"
[2021-01-19 15:21:48.197138 +0100 CET] ERROR: pq: syntax error at or near "FOREIGN_KEY"
[2021-01-19 19:22:34.627062 +0100 CET] ERROR: pq: syntax error at or near "FOREIGN"
[2021-01-22 16:30:04.184332 +0100 CET] ERROR: Token is expired
[2021-01-22 16:52:00.664634 +0100 CET] ERROR: Token is expired
[2021-01-23 23:23:29.478716 +0100 CET] ERROR: Token is expired
[2021-01-26 22:59:46.018855 +0100 CET] ERROR: pq: syntax error at or near "measurement"
[2021-01-26 23:00:05.185241 +0100 CET] ERROR: pq: syntax error at or near ")"
[2021-01-26 23:43:19.611564 +0100 CET] ERROR: token contains an invalid number of segments
[2021-01-26 23:45:00.495195 +0100 CET] ERROR: token contains an invalid number of segments
