[2021-01-11 19:09:45.030931 +0100 CET] path: /auth/obtain/, method: POST
[2021-01-11 19:12:29.644877 +0100 CET] path: /auth/obtain/, method: POST
[2021-01-11 19:12:59.495824 +0100 CET] path: /auth/obtain/, method: POST
[2021-01-11 21:30:12.542626 +0100 CET] path: /auth/obtain/, method: POST
[2021-01-11 21:30:41.103634 +0100 CET] path: /auth/update/, method: POST
[2021-01-11 21:31:16.506914 +0100 CET] path: /auth/update/, method: POST
[2021-01-11 21:31:46.755433 +0100 CET] path: /auth/update/, method: POST
[2021-01-11 21:42:26.959818 +0100 CET] path: /auth/obtain/, method: POST
[2021-01-11 21:42:42.131149 +0100 CET] path: /auth/update/, method: POST
[2021-01-11 21:42:43.375625 +0100 CET] path: /auth/update/, method: POST
[2021-01-11 21:42:43.989956 +0100 CET] path: /auth/update/, method: POST
[2021-01-11 21:45:44.291678 +0100 CET] path: /auth/update/, method: POST
[2021-01-11 21:46:08.206276 +0100 CET] path: /auth/update/, method: POST
[2021-01-11 21:46:27.809741 +0100 CET] path: /auth/update/, method: POST
[2021-01-11 21:47:03.0374 +0100 CET] path: /auth/update/, method: POST
[2021-01-11 21:47:46.372018 +0100 CET] path: /auth/update/, method: POST
[2021-01-11 21:48:21.312894 +0100 CET] path: /auth/update/, method: POST
[2021-01-11 22:28:39.515018 +0100 CET] path: /auth/update/, method: POST
[2021-01-11 22:29:24.564203 +0100 CET] path: /auth/update/, method: POST
[2021-01-11 22:30:30.998962 +0100 CET] path: /auth/obtain/, method: POST
[2021-01-11 22:30:44.61836 +0100 CET] path: /auth/update/, method: POST
[2021-01-11 22:31:00.014173 +0100 CET] path: /auth/update/, method: POST
[2021-01-11 22:31:12.152825 +0100 CET] path: /auth/obtain/, method: POST
[2021-01-11 22:31:29.082662 +0100 CET] path: /auth/update/, method: POST
[2021-01-11 22:33:14.044326 +0100 CET] path: /auth/update/, method: POST
[2021-01-12 09:06:28.367339 +0100 CET] path: /auth/update/, method: POST
[2021-01-12 09:12:47.735358 +0100 CET] path: /auth/update/, method: POST
[2021-01-12 09:13:02.228117 +0100 CET] path: /auth/update/, method: POST
[2021-01-12 09:13:14.004289 +0100 CET] path: /auth/update/, method: POST
[2021-01-12 09:13:20.23842 +0100 CET] path: /auth/update/, method: POST
[2021-01-12 09:13:21.328516 +0100 CET] path: /auth/update/, method: POST
[2021-01-12 09:13:21.753132 +0100 CET] path: /auth/update/, method: POST
[2021-01-12 09:13:41.231228 +0100 CET] path: /auth/update/, method: POST
[2021-01-12 13:19:40.0167 +0100 CET] path: /auth/update/, method: POST
[2021-01-12 13:19:47.136725 +0100 CET] path: /auth/update/, method: POST
[2021-01-12 13:19:47.914317 +0100 CET] path: /auth/update/, method: POST
[2021-01-12 13:19:48.528445 +0100 CET] path: /auth/update/, method: POST
[2021-01-12 13:19:49.007881 +0100 CET] path: /auth/update/, method: POST
[2021-01-12 14:15:31.415759 +0100 CET] path: /auth/update/, method: POST
[2021-01-13 11:32:22.263219 +0100 CET] path: /auth/update/, method: POST
[2021-01-13 11:33:57.212895 +0100 CET] path: /auth/update/, method: POST
[2021-01-13 11:34:34.919339 +0100 CET] path: /auth/update/, method: POST
[2021-01-18 18:09:53.915113 +0100 CET] path: /auth/update/, method: POST
[2021-01-18 18:18:48.319699 +0100 CET] path: /auth/update/, method: POST
[2021-01-18 18:20:11.789737 +0100 CET] path: /auth/update/, method: POST
[2021-01-18 18:20:30.510097 +0100 CET] path: /auth/update/, method: POST
[2021-01-18 18:23:00.73873 +0100 CET] path: /auth/update/, method: POST
[2021-01-18 18:24:06.104712 +0100 CET] path: /auth/update/, method: POST
[2021-01-18 18:27:20.190195 +0100 CET] path: /auth/update/, method: POST
[2021-01-18 18:30:57.172945 +0100 CET] path: /auth/update/, method: POST
[2021-01-18 18:31:57.380679 +0100 CET] path: /auth/obtain/, method: POST
[2021-01-18 18:32:05.334088 +0100 CET] path: /auth/obtain/, method: POST
[2021-01-18 18:32:11.696412 +0100 CET] path: /auth/update/, method: POST
[2021-01-18 18:33:43.700482 +0100 CET] path: /auth/update/, method: POST
[2021-01-18 18:33:55.157392 +0100 CET] path: /auth/update/, method: POST
[2021-01-18 18:36:39.505888 +0100 CET] path: /auth/update/, method: POST
[2021-01-18 18:37:13.149024 +0100 CET] path: /auth/update/, method: POST
[2021-01-18 18:37:49.523763 +0100 CET] path: /auth/update/, method: POST
[2021-01-18 18:47:49.182998 +0100 CET] path: /auth/update/, method: POST
[2021-01-18 18:48:48.923081 +0100 CET] path: /auth/update/, method: POST
[2021-01-18 18:48:49.158738 +0100 CET] path: /auth/update/, method: POST
[2021-01-18 18:49:00.342241 +0100 CET] path: /auth/obtain/, method: POST
[2021-01-18 18:49:13.117134 +0100 CET] path: /auth/update/, method: POST
[2021-01-18 18:57:00.346042 +0100 CET] path: /auth/update/, method: POST
[2021-01-18 18:57:23.241931 +0100 CET] path: /auth/update/, method: POST
[2021-01-18 19:01:58.482343 +0100 CET] path: /auth/update/, method: POST
[2021-01-18 19:08:55.18448 +0100 CET] path: /auth/update/, method: POST
[2021-01-18 19:10:16.444055 +0100 CET] path: /auth/update/, method: POST
[2021-01-18 19:12:37.21144 +0100 CET] path: /auth/update/, method: POST
[2021-01-18 19:12:41.638627 +0100 CET] path: /auth/obtain/, method: POST
[2021-01-18 19:12:48.223337 +0100 CET] path: /auth/obtain/, method: POST
[2021-01-18 19:12:53.041886 +0100 CET] path: /auth/update/, method: POST
[2021-01-18 19:21:36.570318 +0100 CET] path: /auth/update/, method: POST
[2021-01-18 19:22:37.211756 +0100 CET] path: /auth/update/, method: POST
[2021-01-18 19:35:56.09061 +0100 CET] path: /auth/create/, method: POST
[2021-01-18 20:03:20.20919 +0100 CET] path: /auth/create/, method: POST
[2021-01-18 20:03:46.182439 +0100 CET] path: /auth/create/, method: POST
[2021-01-18 20:06:32.030158 +0100 CET] path: /auth/create/, method: POST
[2021-01-18 20:07:54.994571 +0100 CET] path: /auth/create/, method: POST
[2021-01-18 20:09:56.598706 +0100 CET] path: /auth/create/, method: POST
[2021-01-18 20:16:36.961116 +0100 CET] path: /auth/obtain/, method: POST
[2021-01-22 16:30:04.183414 +0100 CET] path: /api/recipe/, method: POST
[2021-01-22 16:30:11.960723 +0100 CET] path: /auth/obtain/, method: POST
[2021-01-22 16:30:32.249204 +0100 CET] path: /api/recipe/, method: POST
[2021-01-22 16:30:38.161237 +0100 CET] path: /api/recipe/, method: POST
[2021-01-22 16:33:55.873571 +0100 CET] path: /api/recipe/, method: POST
[2021-01-22 16:34:27.418233 +0100 CET] path: /api/recipe/, method: POST
[2021-01-22 16:52:00.664243 +0100 CET] path: /api/recipe/, method: POST
[2021-01-23 23:23:29.477572 +0100 CET] path: /api/recipe/, method: POST
[2021-01-24 20:08:21.31404 +0100 CET] path: /auth/obtain/, method: POST
[2021-01-24 20:08:44.860613 +0100 CET] path: /api/recipe/, method: POST
[2021-01-24 20:49:55.630566 +0100 CET] path: /api/recipe/, method: POST
[2021-01-25 00:20:01.736919 +0100 CET] path: /api/recipe/, method: POST
[2021-01-25 00:21:16.97248 +0100 CET] path: /api/recipe/, method: POST
[2021-01-25 12:16:10.926672 +0100 CET] path: /api/recipe/, method: GET
[2021-01-25 12:18:54.542402 +0100 CET] path: /api/recipe/, method: GET
[2021-01-25 12:20:00.103219 +0100 CET] path: /api/recipe/, method: GET
[2021-01-25 12:21:23.757191 +0100 CET] path: /api/recipe/, method: GET
[2021-01-25 12:32:43.068282 +0100 CET] path: /api/recipe/, method: GET
[2021-01-25 12:51:42.777725 +0100 CET] path: /api/recipe/, method: POST
[2021-01-25 12:52:31.217179 +0100 CET] path: /api/recipe/, method: POST
[2021-01-25 12:52:46.373138 +0100 CET] path: /api/recipe/, method: POST
[2021-01-25 12:55:07.474484 +0100 CET] path: /api/recipe/, method: POST
[2021-01-25 22:07:52.43166 +0100 CET] path: /api/recipe/, method: POST
[2021-01-25 22:14:18.69948 +0100 CET] path: /api/recipe/, method: POST
[2021-01-25 22:35:25.88315 +0100 CET] path: /api/recipe/, method: POST
[2021-01-25 22:36:27.218859 +0100 CET] path: /api/recipe/, method: POST
[2021-01-25 22:36:42.817875 +0100 CET] path: /api/recipe/, method: POST
[2021-01-25 22:36:49.53303 +0100 CET] path: /api/recipe/, method: POST
[2021-01-25 22:37:35.686497 +0100 CET] path: /api/recipe/, method: POST
[2021-01-26 00:27:26.22361 +0100 CET] path: /api/recipe/, method: GET
[2021-01-26 16:40:17.150643 +0100 CET] path: /api/recipe/, method: GET
[2021-01-26 19:32:10.072775 +0100 CET] path: /api/recipe/, method: GET
[2021-01-26 20:21:47.242591 +0100 CET] path: /api/recipe/, method: POST
[2021-01-26 20:28:35.322372 +0100 CET] path: /api/recipe/, method: GET
[2021-01-26 20:29:15.353342 +0100 CET] path: /api/recipe/, method: GET
[2021-01-26 20:29:48.482988 +0100 CET] path: /api/recipe/, method: GET
[2021-01-26 20:30:17.66058 +0100 CET] path: /api/recipe/, method: GET
[2021-01-26 20:30:37.25987 +0100 CET] path: /api/recipe/, method: GET
[2021-01-26 20:33:18.091931 +0100 CET] path: /api/recipe/, method: GET
[2021-01-26 20:33:55.332486 +0100 CET] path: /api/recipe/, method: GET
[2021-01-26 20:34:15.569363 +0100 CET] path: /api/recipe/, method: GET
[2021-01-26 20:34:28.467549 +0100 CET] path: /api/recipe/, method: GET
[2021-01-26 20:35:17.593654 +0100 CET] path: /api/recipe/, method: GET
[2021-01-26 20:35:48.72595 +0100 CET] path: /api/recipe/, method: GET
[2021-01-26 20:37:15.04306 +0100 CET] path: /api/recipe/, method: GET
[2021-01-26 20:37:33.205412 +0100 CET] path: /api/recipe/, method: GET
[2021-01-26 20:40:08.886194 +0100 CET] path: /api/recipe/, method: GET
[2021-01-26 22:04:03.534843 +0100 CET] path: /api/recipe/, method: GET
[2021-01-26 22:40:37.880612 +0100 CET] path: /api/recipe/, method: GET
[2021-01-26 22:46:23.662236 +0100 CET] path: /auth/create/, method: POST
[2021-01-26 23:04:22.255095 +0100 CET] path: /auth/create/, method: POST
[2021-01-26 23:07:11.930501 +0100 CET] path: /auth/refresh/, method: POST
[2021-01-26 23:08:17.480733 +0100 CET] path: /auth/refresh/, method: POST
[2021-01-26 23:08:24.685508 +0100 CET] path: /auth/refresh/, method: POST
[2021-01-26 23:40:27.578333 +0100 CET] path: /auth/create/, method: POST
[2021-01-26 23:40:58.776135 +0100 CET] path: /auth/obtain/, method: POST
[2021-01-26 23:41:35.005164 +0100 CET] path: /auth/obtain/, method: POST
[2021-01-26 23:42:07.841042 +0100 CET] path: /auth/obtain/, method: POST
[2021-01-26 23:43:19.609589 +0100 CET] path: /auth/refresh/, method: POST
[2021-01-26 23:45:00.494359 +0100 CET] path: /auth/refresh/, method: POST
[2021-01-26 23:45:10.916572 +0100 CET] path: /auth/obtain/, method: POST
[2021-01-26 23:45:25.849578 +0100 CET] path: /auth/refresh/, method: POST
[2021-01-26 23:45:37.103701 +0100 CET] path: /auth/refresh/, method: POST
[2021-01-26 23:46:07.895065 +0100 CET] path: /auth/refresh/, method: POST
[2021-01-26 23:47:36.790898 +0100 CET] path: /auth/refresh/, method: POST
[2021-01-26 23:47:52.098443 +0100 CET] path: /auth/refresh/, method: POST
[2021-01-26 23:48:47.412195 +0100 CET] path: /auth/refresh/, method: POST
[2021-01-26 23:49:12.481381 +0100 CET] path: /auth/refresh/, method: POST
[2021-01-26 23:50:00.651902 +0100 CET] path: /auth/refresh/, method: POST
[2021-01-26 23:53:51.147351 +0100 CET] path: /auth/refresh/, method: POST
[2021-01-26 23:54:04.12295 +0100 CET] path: /auth/refresh/, method: POST
[2021-01-26 23:54:29.998855 +0100 CET] path: /auth/refresh/, method: POST
[2021-01-26 23:58:53.151679 +0100 CET] path: /auth/obtain/, method: POST
[2021-01-27 00:00:00.041549 +0100 CET] path: /auth/obtain/, method: POST
[2021-01-27 00:00:51.448825 +0100 CET] path: /auth/obtain/, method: POST
[2021-01-27 00:01:27.935288 +0100 CET] path: /auth/obtain/, method: POST
[2021-01-27 00:01:52.982783 +0100 CET] path: /auth/obtain/, method: POST
[2021-01-27 00:03:22.423953 +0100 CET] path: /auth/obtain/, method: POST
[2021-01-27 00:09:42.01398 +0100 CET] path: /api/recipe/, method: GET
[2021-01-27 00:09:47.347156 +0100 CET] path: /auth/obtain/, method: POST
[2021-01-27 00:10:23.000366 +0100 CET] path: /auth/obtain/, method: POST
[2021-01-27 00:10:48.706568 +0100 CET] path: /auth/obtain/, method: POST
[2021-01-27 00:12:03.130628 +0100 CET] path: /auth/obtain/, method: POST
[2021-01-27 00:12:33.11625 +0100 CET] path: /auth/obtain/, method: POST
[2021-01-27 00:13:03.571715 +0100 CET] path: /auth/obtain/, method: POST
[2021-01-27 18:54:09.380309 +0100 CET] path: /api/recipe/, method: GET
[2021-01-27 20:37:00.066784 +0100 CET] path: /auth/obtain/, method: POST
[2021-01-27 20:37:14.184254 +0100 CET] path: /auth/refresh/, method: POST
[2021-01-27 20:38:21.645263 +0100 CET] path: /auth/refresh/, method: POST
[2021-01-27 20:40:58.299714 +0100 CET] path: /auth/refresh/, method: POST
[2021-01-29 19:59:43.864576 +0100 CET] path: /api/recipe/, method: GET
[2021-02-01 16:50:10.438329 +0100 CET] path: /api/recipe/, method: GET
[2021-02-01 16:56:25.64111 +0100 CET] path: /api/recipe/, method: POST
[2021-02-01 16:57:10.919703 +0100 CET] path: /api/recipe/, method: POST
[2021-02-01 16:58:06.161982 +0100 CET] path: /api/recipe/, method: POST
[2021-02-01 17:03:19.973509 +0100 CET] path: /api/recipe/, method: POST
[2021-02-01 17:03:43.250915 +0100 CET] path: /api/recipe/, method: POST
[2021-02-01 17:03:45.780443 +0100 CET] path: /api/recipe/, method: POST
[2021-02-01 17:03:48.764819 +0100 CET] path: /api/recipe/, method: POST
[2021-02-01 17:05:40.87659 +0100 CET] path: /api/recipe/, method: POST
[2021-02-01 17:05:43.961527 +0100 CET] path: /api/recipe/, method: POST
[2021-02-01 17:05:45.183688 +0100 CET] path: /api/recipe/, method: POST
[2021-02-01 17:06:13.31214 +0100 CET] path: /api/recipe/, method: POST
[2021-02-01 17:06:18.29969 +0100 CET] path: /api/recipe/, method: POST
[2021-02-01 17:06:22.006974 +0100 CET] path: /api/recipe/, method: POST
[2021-02-01 17:06:33.329369 +0100 CET] path: /api/recipe/, method: POST
[2021-02-01 17:06:36.161142 +0100 CET] path: /api/recipe/, method: POST
[2021-02-01 17:37:49.789256 +0100 CET] path: /auth/obtain/, method: GET
[2021-02-01 17:37:54.626171 +0100 CET] path: /auth/obtain/, method: POST
[2021-02-01 18:23:25.652036 +0100 CET] path: /api/recipe/, method: POST
[2021-02-01 18:23:37.843196 +0100 CET] path: /api/recipe/, method: POST
[2021-02-01 23:06:00.967855 +0100 CET] path: /api/recipe/, method: GET
[2021-02-01 23:36:47.440518 +0100 CET] path: /api/recipe/, method: GET
[2021-02-01 23:39:18.31372 +0100 CET] path: /api/recipe/, method: GET
[2021-02-01 23:39:20.911609 +0100 CET] path: /api/recipe/, method: GET
[2021-02-01 23:39:27.033559 +0100 CET] path: /api/recipe/, method: GET
[2021-02-01 23:39:27.214152 +0100 CET] path: /api/recipe/, method: GET
[2021-02-01 23:39:32.44604 +0100 CET] path: /api/recipe/, method: GET
[2021-02-01 23:39:35.856849 +0100 CET] path: /api/recipe/, method: GET
[2021-02-01 23:39:37.565127 +0100 CET] path: /api/recipe/, method: GET
[2021-02-01 23:39:37.878577 +0100 CET] path: /api/recipe/, method: GET
[2021-02-01 23:44:57.945756 +0100 CET] path: /api/recipe/, method: GET
[2021-02-01 23:44:58.956023 +0100 CET] path: /api/recipe/, method: GET
[2021-02-01 23:44:59.611969 +0100 CET] path: /api/recipe/, method: GET
[2021-02-01 23:45:34.231709 +0100 CET] path: /api/recipe/, method: GET
[2021-02-01 23:45:43.547673 +0100 CET] path: /api/recipe/, method: GET
[2021-02-01 23:45:47.341157 +0100 CET] path: /api/recipe/, method: POST
[2021-02-01 23:47:46.405191 +0100 CET] path: /api/recipe/, method: GET
[2021-02-01 23:47:47.549735 +0100 CET] path: /api/recipe/, method: GET
[2021-02-01 23:47:48.142657 +0100 CET] path: /api/recipe/, method: GET
[2021-02-01 23:47:51.89409 +0100 CET] path: /api/recipe/, method: GET
[2021-02-01 23:47:52.354778 +0100 CET] path: /api/recipe/, method: GET
[2021-02-01 23:47:52.733982 +0100 CET] path: /api/recipe/, method: GET
[2021-02-01 23:47:53.028024 +0100 CET] path: /api/recipe/, method: GET
[2021-02-01 23:47:53.534716 +0100 CET] path: /api/recipe/, method: GET
[2021-02-01 23:47:53.646184 +0100 CET] path: /api/recipe/, method: GET
[2021-02-01 23:47:53.743555 +0100 CET] path: /api/recipe/, method: GET
[2021-02-01 23:47:53.844509 +0100 CET] path: /api/recipe/, method: GET
[2021-02-01 23:47:53.914096 +0100 CET] path: /api/recipe/, method: GET
[2021-02-01 23:47:53.998127 +0100 CET] path: /api/recipe/, method: GET
[2021-02-01 23:47:54.089487 +0100 CET] path: /api/recipe/, method: GET
[2021-02-01 23:47:54.169863 +0100 CET] path: /api/recipe/, method: GET
[2021-02-01 23:47:54.267044 +0100 CET] path: /api/recipe/, method: GET
[2021-02-01 23:47:54.339578 +0100 CET] path: /api/recipe/, method: GET
[2021-02-02 10:34:37.537155 +0100 CET] path: /api/recipe/, method: GET
[2021-02-04 17:31:02.819811 +0100 CET] path: /auth/obtain/, method: GET
[2021-02-04 17:32:33.106835 +0100 CET] path: /auth/obtain/, method: GET
[2021-02-04 17:32:49.632718 +0100 CET] path: /auth/obtain/, method: GET
[2021-02-04 17:32:50.687976 +0100 CET] path: /auth/obtain/, method: GET
[2021-02-04 17:34:02.702814 +0100 CET] path: /auth/obtain/, method: GET
[2021-02-04 17:34:05.323116 +0100 CET] path: /auth/obtain/, method: GET
[2021-02-04 17:34:06.016848 +0100 CET] path: /auth/obtain/, method: GET
[2021-02-04 17:34:11.295039 +0100 CET] path: /auth/obtain/, method: GET
[2021-02-04 17:36:41.910691 +0100 CET] path: /auth/obtain/, method: GET
[2021-02-04 17:54:45.412701 +0100 CET] path: /auth/obtain/, method: GET
[2021-02-04 17:54:50.136567 +0100 CET] path: /auth/obtain/, method: GET
[2021-02-04 17:54:57.404059 +0100 CET] path: /api/recipe/, method: GET
[2021-02-04 17:55:39.227251 +0100 CET] path: /api/recipe/, method: GET
[2021-02-04 17:55:42.739628 +0100 CET] path: /api/recipe/, method: GET
[2021-02-04 17:55:43.471019 +0100 CET] path: /api/recipe/, method: GET
[2021-02-04 17:55:44.09465 +0100 CET] path: /api/recipe/, method: GET
[2021-02-04 17:59:21.640128 +0100 CET] path: /auth/obtain/, method: GET
[2021-02-04 17:59:42.539408 +0100 CET] path: /auth/obtain/, method: GET
[2021-02-04 17:59:44.095624 +0100 CET] path: /auth/obtain/, method: GET
[2021-02-04 17:59:46.508561 +0100 CET] path: /auth/obtain/, method: GET
[2021-02-04 18:00:50.340946 +0100 CET] path: /api/recipe/, method: POST
[2021-02-04 18:01:03.052327 +0100 CET] path: /api/recipe/, method: GET
[2021-02-04 18:03:30.072775 +0100 CET] path: /auth/obtain/, method: GET
[2021-02-04 18:03:30.820103 +0100 CET] path: /auth/obtain/, method: GET
[2021-02-04 18:03:37.210694 +0100 CET] path: /auth/obtain/, method: GET
[2021-02-04 18:10:54.129372 +0100 CET] path: /auth/obtain/, method: GET
[2021-02-04 18:11:08.098659 +0100 CET] path: /auth/obtain/, method: GET
[2021-02-04 18:11:08.664303 +0100 CET] path: /auth/obtain/, method: GET
[2021-02-04 18:11:09.104837 +0100 CET] path: /auth/obtain/, method: GET
[2021-02-04 18:13:25.0364 +0100 CET] path: /app/, method: GET
[2021-02-04 18:13:33.764076 +0100 CET] path: /auth/obtain/, method: GET
[2021-02-04 18:13:42.135156 +0100 CET] path: /auth/obtain/, method: GET
[2021-02-04 18:14:54.098483 +0100 CET] path: /auth/obtain/, method: GET
[2021-02-04 18:16:33.911504 +0100 CET] path: /auth/obtain/, method: GET
[2021-02-04 18:16:34.801956 +0100 CET] path: /auth/obtain/, method: GET
[2021-02-04 21:22:31.318884 +0100 CET] path: /api/generateplan/, method: GET
[2021-02-04 21:22:37.913281 +0100 CET] path: /api/generateplan/, method: GET
[2021-02-04 21:28:58.948328 +0100 CET] path: /api/generateplan/, method: GET
[2021-02-04 21:29:15.95842 +0100 CET] path: /api/generateplan/, method: GET
[2021-02-04 21:30:24.686428 +0100 CET] path: /api/generateplan/, method: GET
[2021-02-04 21:30:26.598668 +0100 CET] path: /api/generateplan/, method: GET
[2021-02-04 21:40:37.647008 +0100 CET] path: /api/generateplan/, method: POST
[2021-02-04 21:43:05.564332 +0100 CET] path: /api/generateplan/, method: POST
[2021-02-04 21:43:06.513051 +0100 CET] path: /api/generateplan/, method: POST
[2021-02-04 21:43:17.831777 +0100 CET] path: /auth/obtain/, method: POST
[2021-02-04 21:44:02.676897 +0100 CET] path: /auth/obtain/, method: POST
[2021-02-04 21:46:11.606493 +0100 CET] path: /auth/obtain/, method: POST
[2021-02-04 21:46:14.599663 +0100 CET] path: /auth/obtain/, method: POST
[2021-02-04 21:47:00.912901 +0100 CET] path: /auth/obtain/, method: POST
[2021-02-04 21:48:14.893436 +0100 CET] path: /auth/obtain/, method: POST
[2021-02-04 21:48:26.467289 +0100 CET] path: /auth/obtain/, method: POST
[2021-02-04 21:48:31.241324 +0100 CET] path: /auth/obtain/, method: POST
[2021-02-04 21:49:47.538537 +0100 CET] path: /auth/obtain/, method: POST
[2021-02-04 21:49:50.02653 +0100 CET] path: /auth/obtain/, method: POST
[2021-02-04 21:50:30.908078 +0100 CET] path: /auth/obtain/, method: POST
[2021-02-04 21:51:57.462398 +0100 CET] path: /auth/obtain/, method: POST
[2021-02-04 21:51:57.729945 +0100 CET] path: /auth/obtain/, method: POST
[2021-02-04 21:51:58.02932 +0100 CET] path: /auth/obtain/, method: POST
[2021-02-04 21:51:58.281629 +0100 CET] path: /auth/obtain/, method: POST
[2021-02-04 21:56:46.141429 +0100 CET] path: /auth/obtain/, method: POST
[2021-02-04 21:56:49.331569 +0100 CET] path: /auth/obtain/, method: POST
[2021-02-04 21:57:11.40545 +0100 CET] path: /auth/obtain/, method: POST
[2021-02-04 21:57:44.467101 +0100 CET] path: /auth/obtain/, method: POST
[2021-02-04 21:58:40.535621 +0100 CET] path: /auth/obtain/, method: POST
[2021-02-04 21:59:01.512528 +0100 CET] path: /auth/obtain/, method: POST
[2021-02-04 22:03:02.943589 +0100 CET] path: /app/fuckyes, method: GET
[2021-02-04 22:03:05.997017 +0100 CET] path: /app/, method: GET
[2021-02-04 22:03:09.858093 +0100 CET] path: /auth/obtain/, method: GET
[2021-02-04 22:03:15.796375 +0100 CET] path: /auth/obtain/, method: GET
[2021-02-04 22:03:21.637916 +0100 CET] path: /auth/obtain/, method: GET
[2021-02-04 22:04:25.145212 +0100 CET] path: /auth/obtain/, method: POST
[2021-02-04 22:04:27.60484 +0100 CET] path: /auth/obtain/, method: POST
[2021-02-04 22:05:09.640284 +0100 CET] path: /auth/obtain/, method: POST
[2021-02-04 22:05:23.407884 +0100 CET] path: /auth/obtain/, method: POST
[2021-02-04 22:05:55.855154 +0100 CET] path: /auth/obtain/, method: POST
[2021-02-04 22:10:40.038809 +0100 CET] path: /auth/obtain/, method: GET
[2021-02-04 22:10:44.17173 +0100 CET] path: /auth/obtain/, method: POST
[2021-02-04 22:12:08.681084 +0100 CET] path: /auth/obtain/, method: POST
[2021-02-04 22:12:27.962678 +0100 CET] path: /auth/obtain/, method: POST
[2021-02-04 22:12:30.413101 +0100 CET] path: /auth/obtain/, method: POST
[2021-02-04 22:12:31.73536 +0100 CET] path: /auth/obtain/, method: POST
[2021-02-04 22:12:32.284822 +0100 CET] path: /auth/obtain/, method: POST
[2021-02-04 22:12:32.425941 +0100 CET] path: /auth/obtain/, method: POST
[2021-02-04 22:12:32.591062 +0100 CET] path: /auth/obtain/, method: POST
[2021-02-04 22:12:32.756203 +0100 CET] path: /auth/obtain/, method: POST
[2021-02-04 22:12:32.915666 +0100 CET] path: /auth/obtain/, method: POST
[2021-02-04 22:12:33.050095 +0100 CET] path: /auth/obtain/, method: POST
[2021-02-04 22:15:47.668909 +0100 CET] path: /auth/obtain/, method: POST
[2021-02-04 22:16:11.946974 +0100 CET] path: /auth/obtain/, method: POST
[2021-02-04 22:16:35.451657 +0100 CET] path: /auth/obtain/, method: POST
[2021-02-04 22:17:59.915411 +0100 CET] path: /auth/obtain/, method: POST
[2021-02-04 22:19:04.510761 +0100 CET] path: /auth/obtain/, method: POST
[2021-02-04 22:20:57.46652 +0100 CET] path: /auth/obtain/, method: POST
[2021-02-04 22:23:42.837107 +0100 CET] path: /auth/obtain/, method: POST
[2021-02-04 22:24:52.611898 +0100 CET] path: /auth/obtain/, method: POST
[2021-02-04 22:25:47.298198 +0100 CET] path: /auth/obtain/, method: POST
[2021-02-04 22:26:13.798536 +0100 CET] path: /auth/obtain/, method: POST
[2021-02-04 22:26:45.166231 +0100 CET] path: /auth/obtain/, method: POST
[2021-02-04 22:26:47.691449 +0100 CET] path: /auth/obtain/, method: POST
[2021-02-04 22:29:48.571624 +0100 CET] path: /auth/obtain/, method: POST
[2021-02-04 22:29:53.709388 +0100 CET] path: /auth/obtain/, method: POST
[2021-02-04 22:31:13.583457 +0100 CET] path: /auth/obtain/, method: POST
[2021-02-04 22:31:29.488098 +0100 CET] path: /auth/obtain/, method: POST
[2021-02-04 22:32:23.527346 +0100 CET] path: /auth/obtain/, method: POST
[2021-02-04 22:45:59.409263 +0100 CET] path: /auth/obtain/, method: POST
[2021-02-04 22:46:23.672729 +0100 CET] path: /auth/obtain/, method: POST
[2021-02-04 23:13:30.748012 +0100 CET] path: /auth/obtain/, method: POST
[2021-02-04 23:14:34.626267 +0100 CET] path: /auth/obtain/, method: POST
[2021-02-04 23:14:53.547026 +0100 CET] path: /auth/obtain/, method: POST
[2021-02-05 11:45:51.155383 +0100 CET] path: /auth/obtain/, method: POST
[2021-02-05 11:45:51.94254 +0100 CET] path: /auth/obtain/, method: POST
[2021-02-05 11:45:59.453078 +0100 CET] path: /auth/obtain/, method: POST
[2021-02-05 11:46:00.038656 +0100 CET] path: /auth/obtain/, method: POST
[2021-02-05 11:46:00.628433 +0100 CET] path: /auth/obtain/, method: POST
[2021-02-05 11:50:08.041957 +0100 CET] path: /auth/obtain/, method: POST
[2021-02-05 11:50:08.9468 +0100 CET] path: /auth/obtain/, method: POST
[2021-02-05 11:50:09.614491 +0100 CET] path: /auth/obtain/, method: POST
[2021-02-05 11:50:12.702948 +0100 CET] path: /auth/obtain/, method: POST
[2021-02-05 11:50:17.872015 +0100 CET] path: /auth/obtain/, method: POST
[2021-02-05 11:50:21.708101 +0100 CET] path: /auth/obtain/, method: POST
[2021-02-05 11:50:22.451307 +0100 CET] path: /auth/obtain/, method: POST
[2021-02-05 11:51:26.925429 +0100 CET] path: /auth/obtain/, method: POST
[2021-02-05 11:51:30.616002 +0100 CET] path: /auth/obtain/, method: POST
[2021-02-05 12:00:01.971362 +0100 CET] path: /auth/obtain/, method: POST
[2021-02-05 12:00:02.793151 +0100 CET] path: /auth/obtain/, method: POST
[2021-02-05 12:00:04.650275 +0100 CET] path: /auth/obtain/, method: POST
[2021-02-05 12:00:05.45221 +0100 CET] path: /auth/obtain/, method: POST
[2021-02-05 12:00:07.292169 +0100 CET] path: /auth/obtain/, method: POST
[2021-02-05 12:01:25.212599 +0100 CET] path: /auth/obtain/, method: POST
[2021-02-05 12:01:26.110922 +0100 CET] path: /auth/obtain/, method: POST
[2021-02-05 12:01:26.813873 +0100 CET] path: /auth/obtain/, method: POST
[2021-02-05 12:01:27.546614 +0100 CET] path: /auth/obtain/, method: POST
[2021-02-05 12:01:28.373768 +0100 CET] path: /auth/obtain/, method: POST
[2021-02-05 12:01:36.311794 +0100 CET] path: /auth/obtain/, method: POST
[2021-02-05 12:02:49.557594 +0100 CET] path: /auth/obtain/, method: POST
[2021-02-05 12:06:39.445275 +0100 CET] path: /auth/obtain/, method: POST
[2021-02-05 12:06:53.584933 +0100 CET] path: /auth/obtain/, method: POST
[2021-02-05 12:06:56.312599 +0100 CET] path: /auth/obtain/, method: POST
[2021-02-05 12:06:58.948595 +0100 CET] path: /auth/obtain/, method: POST
[2021-02-05 12:07:05.474983 +0100 CET] path: /auth/obtain/, method: POST
[2021-02-05 12:07:08.234983 +0100 CET] path: /auth/obtain/, method: POST
[2021-02-05 12:07:10.934323 +0100 CET] path: /auth/obtain/, method: POST
[2021-02-05 12:23:45.548959 +0100 CET] path: /auth/obtain/, method: POST
[2021-02-05 12:45:22.354635 +0100 CET] path: /auth/obtain/, method: POST
[2021-02-05 12:56:33.146951 +0100 CET] path: /app/, method: GET
[2021-02-05 12:56:55.547513 +0100 CET] path: /app/auth/login/, method: GET
[2021-02-05 13:14:06.155033 +0100 CET] path: /auth/obtain/, method: POST
[2021-02-05 13:14:09.137828 +0100 CET] path: /auth/obtain/, method: POST
[2021-02-05 13:26:03.279722 +0100 CET] path: /auth/obtain/, method: POST
[2021-02-05 13:29:27.940331 +0100 CET] path: /auth/obtain/, method: POST
[2021-02-05 13:29:30.965421 +0100 CET] path: /auth/obtain/, method: POST
[2021-02-05 13:29:33.412413 +0100 CET] path: /auth/obtain/, method: POST
[2021-02-05 13:30:49.446706 +0100 CET] path: /auth/obtain/, method: POST
[2021-02-05 13:36:04.244789 +0100 CET] path: /auth/obtain/, method: POST
[2021-02-05 14:19:20.797957 +0100 CET] path: /auth/obtain/, method: POST
[2021-02-05 14:20:11.036762 +0100 CET] path: /auth/obtain/, method: POST
[2021-02-05 14:29:46.930596 +0100 CET] path: /auth/obtain/, method: POST
[2021-02-05 14:34:31.117412 +0100 CET] path: /auth/obtain/, method: POST
[2021-02-05 14:43:06.64494 +0100 CET] path: /auth/obtain/, method: POST
[2021-02-05 14:43:44.024406 +0100 CET] path: /auth/obtain/, method: POST
[2021-02-06 12:07:25.624493 +0100 CET] path: /site/, method: GET
[2021-02-06 12:08:31.157712 +0100 CET] path: /site/auth/login/, method: GET
[2021-02-06 12:09:31.967053 +0100 CET] path: /site/auth/register/, method: GET
[2021-02-06 12:09:44.274679 +0100 CET] path: /site/auth/register/, method: GET
[2021-02-06 12:10:44.728388 +0100 CET] path: /auth/obtain/, method: POST
[2021-02-06 12:12:54.690928 +0100 CET] path: /auth/obtain/, method: POST
[2021-02-06 12:12:58.315533 +0100 CET] path: /auth/obtain/, method: POST
[2021-02-06 12:25:33.831472 +0100 CET] path: /auth/obtain/, method: POST
[2021-02-06 12:40:31.961227 +0100 CET] path: /auth/obtain/, method: POST
[2021-02-06 12:40:35.02685 +0100 CET] path: /auth/obtain/, method: POST
[2021-02-06 12:41:19.970483 +0100 CET] path: /auth/obtain/, method: POST
[2021-02-06 12:41:22.191687 +0100 CET] path: /auth/obtain/, method: POST
[2021-02-06 12:41:23.367162 +0100 CET] path: /auth/obtain/, method: POST
[2021-02-06 12:41:24.814107 +0100 CET] path: /auth/obtain/, method: POST
[2021-02-06 12:41:25.056239 +0100 CET] path: /auth/obtain/, method: POST
[2021-02-06 12:41:26.352688 +0100 CET] path: /auth/obtain/, method: POST
[2021-02-06 12:41:26.859836 +0100 CET] path: /auth/obtain/, method: POST
[2021-02-06 12:41:27.337312 +0100 CET] path: /auth/obtain/, method: POST
[2021-02-06 12:41:28.426359 +0100 CET] path: /auth/obtain/, method: POST
[2021-02-06 12:41:29.143352 +0100 CET] path: /auth/obtain/, method: POST
[2021-02-06 12:41:30.063491 +0100 CET] path: /auth/obtain/, method: POST
[2021-02-06 12:41:30.917186 +0100 CET] path: /auth/obtain/, method: POST
[2021-02-06 12:41:31.102437 +0100 CET] path: /auth/obtain/, method: POST
[2021-02-06 12:41:31.273469 +0100 CET] path: /auth/obtain/, method: POST
[2021-02-06 12:41:31.592913 +0100 CET] path: /auth/obtain/, method: POST
[2021-02-06 12:41:31.754844 +0100 CET] path: /auth/obtain/, method: POST
[2021-02-06 12:41:31.908416 +0100 CET] path: /auth/obtain/, method: POST
[2021-02-06 12:41:32.070545 +0100 CET] path: /auth/obtain/, method: POST
[2021-02-06 12:41:32.245366 +0100 CET] path: /auth/obtain/, method: POST
[2021-02-06 12:41:32.402186 +0100 CET] path: /auth/obtain/, method: POST
[2021-02-06 12:41:33.282617 +0100 CET] path: /auth/obtain/, method: POST
[2021-02-06 12:41:33.283516 +0100 CET] path: /auth/obtain/, method: POST
[2021-02-06 12:41:33.284724 +0100 CET] path: /auth/obtain/, method: POST
[2021-02-06 12:41:33.286999 +0100 CET] path: /auth/obtain/, method: POST
[2021-02-06 12:45:39.731414 +0100 CET] path: /auth/obtain/, method: POST
[2021-02-06 12:46:41.099455 +0100 CET] path: /auth/obtain/, method: POST
[2021-02-06 12:46:59.023802 +0100 CET] path: /auth/obtain/, method: POST
[2021-02-06 12:47:01.193764 +0100 CET] path: /auth/obtain/, method: POST
[2021-02-06 13:08:30.895412 +0100 CET] path: /auth/obtain/, method: POST
[2021-02-06 13:08:57.726768 +0100 CET] path: /auth/obtain/, method: POST
[2021-02-06 13:08:58.620456 +0100 CET] path: /auth/obtain/, method: POST
[2021-02-06 13:08:59.157359 +0100 CET] path: /auth/obtain/, method: POST
[2021-02-06 13:08:59.613142 +0100 CET] path: /auth/obtain/, method: POST
[2021-02-06 13:08:59.993881 +0100 CET] path: /auth/obtain/, method: POST
[2021-02-06 13:09:00.605838 +0100 CET] path: /auth/obtain/, method: POST
[2021-02-06 14:45:32.063158 +0100 CET] path: /auth/create/, method: POST
[2021-02-06 14:45:54.847529 +0100 CET] path: /auth/create/, method: POST
[2021-02-06 14:47:59.341928 +0100 CET] path: /auth/create/, method: POST
[2021-02-06 14:48:47.49938 +0100 CET] path: /auth/create/, method: POST
[2021-02-06 14:49:26.269696 +0100 CET] path: /auth/create/, method: POST
[2021-02-06 14:49:28.918606 +0100 CET] path: /auth/create/, method: POST
[2021-02-06 14:49:58.220774 +0100 CET] path: /auth/create/, method: POST
[2021-02-06 14:50:30.599347 +0100 CET] path: /auth/create/, method: POST
[2021-02-06 14:51:07.464313 +0100 CET] path: /auth/create/, method: POST
[2021-02-06 14:51:46.176739 +0100 CET] path: /auth/create/, method: POST
[2021-02-06 14:51:50.490255 +0100 CET] path: /auth/create/, method: POST
[2021-02-06 14:54:35.138511 +0100 CET] path: /auth/create/, method: POST
[2021-02-06 15:03:45.696055 +0100 CET] path: /auth/create/, method: POST
[2021-02-06 15:03:53.059152 +0100 CET] path: /auth/create/, method: POST
[2021-02-06 15:55:24.540808 +0100 CET] path: /auth/obtain/, method: POST
[2021-02-06 15:55:47.714808 +0100 CET] path: /auth/create/, method: POST
[2021-02-06 16:42:05.538347 +0100 CET] path: /site/, method: GET
[2021-02-06 16:42:18.781906 +0100 CET] path: /auth/obtain/, method: POST
[2021-02-06 17:21:29.71029 +0100 CET] path: /auth/obtain/, method: POST
[2021-02-06 17:23:38.452599 +0100 CET] path: /auth/create/, method: POST
[2021-02-06 17:23:43.534938 +0100 CET] path: /auth/create/, method: POST
[2021-02-06 17:23:45.373802 +0100 CET] path: /auth/create/, method: POST
[2021-02-06 17:24:21.937404 +0100 CET] path: /auth/create/, method: POST
[2021-02-06 17:24:22.58589 +0100 CET] path: /auth/create/, method: POST
[2021-02-06 17:24:22.842966 +0100 CET] path: /auth/create/, method: POST
[2021-02-06 17:24:22.997469 +0100 CET] path: /auth/create/, method: POST
[2021-02-06 17:24:23.151588 +0100 CET] path: /auth/create/, method: POST
[2021-02-06 17:24:23.298744 +0100 CET] path: /auth/create/, method: POST
[2021-02-06 17:24:23.465803 +0100 CET] path: /auth/create/, method: POST
[2021-02-06 17:24:24.244466 +0100 CET] path: /auth/create/, method: POST
[2021-02-06 17:24:24.566281 +0100 CET] path: /auth/create/, method: POST
[2021-02-06 17:24:24.972711 +0100 CET] path: /auth/create/, method: POST
[2021-02-06 17:24:25.135593 +0100 CET] path: /auth/create/, method: POST
[2021-02-06 17:24:25.199443 +0100 CET] path: /auth/create/, method: POST
[2021-02-06 17:24:25.609955 +0100 CET] path: /auth/create/, method: POST
[2021-02-06 17:24:26.021899 +0100 CET] path: /auth/create/, method: POST
[2021-02-06 17:24:26.282229 +0100 CET] path: /auth/create/, method: POST
[2021-02-06 17:24:55.452083 +0100 CET] path: /auth/create/, method: POST
[2021-02-06 17:25:14.871683 +0100 CET] path: /auth/create/, method: POST
[2021-02-06 17:25:17.166987 +0100 CET] path: /auth/create/, method: POST
[2021-02-06 17:25:19.504688 +0100 CET] path: /auth/create/, method: POST
[2021-02-06 17:25:26.238867 +0100 CET] path: /auth/create/, method: POST
[2021-02-06 17:25:28.110423 +0100 CET] path: /auth/create/, method: POST
[2021-02-06 21:00:02.24708 +0100 CET] path: /auth/create/, method: POST
[2021-02-06 21:00:56.457452 +0100 CET] path: /auth/create/, method: POST
[2021-02-06 21:00:58.13685 +0100 CET] path: /auth/create/, method: POST
[2021-02-06 21:00:59.28655 +0100 CET] path: /auth/create/, method: POST
[2021-02-06 21:01:00.062864 +0100 CET] path: /auth/create/, method: POST
[2021-02-06 21:01:00.679024 +0100 CET] path: /auth/create/, method: POST
[2021-02-06 21:01:01.317442 +0100 CET] path: /auth/create/, method: POST
[2021-02-06 22:05:41.33219 +0100 CET] path: /auth/create/, method: POST
[2021-02-06 22:05:53.564053 +0100 CET] path: /auth/create/, method: POST
[2021-02-06 22:07:05.027222 +0100 CET] path: /auth/create/, method: POST
[2021-02-06 22:07:25.690247 +0100 CET] path: /auth/create/, method: POST
[2021-02-06 23:16:22.518892 +0100 CET] path: /auth/create/, method: POST
[2021-02-06 23:16:23.921629 +0100 CET] path: /auth/create/, method: POST
[2021-02-06 23:49:45.554511 +0100 CET] path: /auth/create/, method: POST
[2021-02-07 01:15:39.17968 +0100 CET] path: /auth/create/, method: POST
[2021-02-07 01:22:13.601926 +0100 CET] path: /auth/create/, method: POST
[2021-02-07 01:33:52.73067 +0100 CET] path: /auth/create/, method: POST
[2021-02-07 11:29:22.64215 +0100 CET] path: /auth/create/, method: POST
[2021-02-07 12:57:03.018573 +0100 CET] path: /auth/create/, method: POST
[2021-02-07 12:57:15.773665 +0100 CET] path: /auth/create/, method: POST
[2021-02-07 12:57:40.749419 +0100 CET] path: /auth/create/, method: POST
[2021-02-07 13:03:00.070242 +0100 CET] path: /auth/create/, method: POST
[2021-02-07 13:03:25.418992 +0100 CET] path: /auth/create/, method: POST
[2021-02-07 13:10:18.268331 +0100 CET] path: /auth/create/, method: POST
[2021-02-07 13:10:24.449518 +0100 CET] path: /auth/create/, method: POST
[2021-02-07 13:24:29.146086 +0100 CET] path: /auth/create/, method: POST
[2021-02-07 13:24:34.641621 +0100 CET] path: /auth/create/, method: POST
[2021-02-07 13:24:53.607795 +0100 CET] path: /auth/create/, method: POST
[2021-02-07 13:24:54.689143 +0100 CET] path: /auth/create/, method: POST
[2021-02-07 13:26:48.611374 +0100 CET] path: /auth/obtain/, method: POST
[2021-02-07 13:27:04.304807 +0100 CET] path: /auth/obtain/, method: POST
[2021-02-07 13:27:51.199827 +0100 CET] path: /auth/obtain/, method: POST
[2021-02-07 13:27:52.22458 +0100 CET] path: /auth/obtain/, method: POST
[2021-02-07 13:27:53.505877 +0100 CET] path: /auth/obtain/, method: POST
[2021-02-07 13:27:54.540011 +0100 CET] path: /auth/obtain/, method: POST
[2021-02-07 13:27:55.157744 +0100 CET] path: /auth/obtain/, method: POST
[2021-02-07 13:28:14.825952 +0100 CET] path: /auth/create/, method: POST
[2021-02-07 14:02:35.042571 +0100 CET] path: /auth/create/, method: POST
[2021-02-07 14:26:21.188994 +0100 CET] path: /auth/obtain/, method: POST
[2021-02-07 14:26:58.707812 +0100 CET] path: /auth/create/, method: POST
[2021-02-07 14:27:39.759808 +0100 CET] path: /auth/obtain/, method: POST
[2021-02-07 14:27:41.012436 +0100 CET] path: /auth/obtain/, method: POST
[2021-02-07 14:28:34.418239 +0100 CET] path: /auth/obtain/, method: POST
[2021-02-07 14:48:20.105423 +0100 CET] path: /auth/obtain/, method: POST
[2021-02-07 20:21:03.163935 +0100 CET] path: /auth/obtain/, method: POST
[2021-02-07 20:23:05.303593 +0100 CET] path: /auth/obtain/, method: POST
[2021-02-07 20:25:27.865823 +0100 CET] path: /auth/create/, method: POST
[2021-02-07 20:26:03.557739 +0100 CET] path: /auth/create/, method: POST
[2021-02-07 21:19:00.951819 +0100 CET] path: /auth/obtain/, method: POST
[2021-02-07 21:25:28.224044 +0100 CET] path: /auth/obtain/, method: POST
[2021-02-07 21:35:45.778672 +0100 CET] path: /auth/obtain/, method: POST
[2021-02-07 21:40:55.393248 +0100 CET] path: /auth/obtain/, method: POST
[2021-02-07 21:41:31.112314 +0100 CET] path: /auth/obtain/, method: POST
[2021-02-07 21:44:53.608436 +0100 CET] path: /auth/obtain/, method: POST
[2021-02-07 21:47:13.755405 +0100 CET] path: /auth/obtain/, method: POST
[2021-02-07 23:52:40.720268 +0100 CET] path: /auth/obtain/, method: POST
[2021-02-08 00:00:23.546231 +0100 CET] path: /auth/obtain/, method: POST
[2021-02-08 00:11:58.903125 +0100 CET] path: /auth/obtain/, method: POST
[2021-02-08 00:14:59.265078 +0100 CET] path: /auth/obtain/, method: POST
[2021-02-08 00:18:49.510456 +0100 CET] path: /auth/obtain/, method: POST
[2021-02-08 00:19:49.741034 +0100 CET] path: /auth/obtain/, method: POST
[2021-02-08 09:16:50.094174 +0100 CET] path: /auth/obtain/, method: POST
[2021-02-08 12:14:48.026179 +0100 CET] path: /auth/obtain/, method: POST
[2021-02-08 12:18:16.433996 +0100 CET] path: /auth/obtain/, method: POST
[2021-02-08 12:18:36.837303 +0100 CET] path: /auth/obtain/, method: POST
[2021-02-08 12:18:58.165307 +0100 CET] path: /auth/obtain/, method: POST
[2021-02-08 12:20:25.833643 +0100 CET] path: /auth/obtain/, method: POST
[2021-02-08 12:21:48.797504 +0100 CET] path: /auth/obtain/, method: POST
[2021-02-08 12:22:07.814518 +0100 CET] path: /auth/obtain/, method: POST
[2021-02-09 18:39:08.729406 +0100 CET] path: /auth/obtain/, method: POST
[2021-02-09 19:54:55.496394 +0100 CET] path: /auth/obtain/, method: POST
[2021-02-09 19:56:23.746068 +0100 CET] path: /auth/obtain/, method: POST
[2021-02-09 20:06:45.88163 +0100 CET] path: /auth/obtain/, method: POST
[2021-02-09 20:07:14.307116 +0100 CET] path: /auth/obtain/, method: POST
[2021-02-09 20:09:49.278351 +0100 CET] path: /auth/obtain/, method: POST
[2021-02-09 21:13:10.93169 +0100 CET] path: /auth/obtain/, method: POST
[2021-02-09 21:33:54.024206 +0100 CET] path: /auth/obtain/, method: POST
[2021-02-09 21:51:48.847262 +0100 CET] path: /api/generateplan/, method: GET
[2021-02-09 21:53:09.753282 +0100 CET] path: /api/generateplan/, method: GET
[2021-02-09 21:54:03.561386 +0100 CET] path: /api/generateplan/, method: GET
[2021-02-09 21:54:22.665356 +0100 CET] path: /api/generateplan/, method: GET
[2021-02-09 21:55:31.902309 +0100 CET] path: /api/generateplan/, method: GET
[2021-02-09 21:59:00.792176 +0100 CET] path: /api/generateplan/, method: GET
[2021-02-09 22:00:43.50497 +0100 CET] path: /api/generateplan/, method: GET
[2021-02-09 22:00:58.424692 +0100 CET] path: /api/generateplan/, method: GET
[2021-02-09 22:01:31.746535 +0100 CET] path: /api/generateplan/, method: GET
[2021-02-09 22:01:39.605382 +0100 CET] path: /api/generateplan/, method: GET
[2021-02-09 22:01:41.402142 +0100 CET] path: /api/generateplan/, method: GET
[2021-02-09 22:02:33.289203 +0100 CET] path: /api/generateplan/, method: GET
[2021-02-09 22:02:40.53327 +0100 CET] path: /api/generateplan/, method: GET
[2021-02-10 00:00:28.756171 +0100 CET] path: /api/generateplan/, method: GET
[2021-02-10 00:07:22.415724 +0100 CET] path: /api/generateplan/, method: GET
[2021-02-10 00:07:54.043509 +0100 CET] path: /api/generateplan/, method: GET
[2021-02-10 00:19:51.732577 +0100 CET] path: /api/generateplan/, method: GET
[2021-02-10 00:20:32.081261 +0100 CET] path: /api/generateplan/, method: GET
[2021-02-10 00:22:12.10379 +0100 CET] path: /api/generateplan/, method: GET
[2021-02-10 00:22:23.521991 +0100 CET] path: /api/generateplan/, method: GET
[2021-02-10 00:23:00.935279 +0100 CET] path: /api/generateplan/, method: GET
[2021-02-10 00:23:14.275611 +0100 CET] path: /api/generateplan/, method: GET
[2021-02-10 00:24:01.455502 +0100 CET] path: /api/generateplan/, method: GET
[2021-02-10 11:33:50.136312 +0100 CET] path: /auth/create/, method: POST
[2021-02-10 11:46:47.321568 +0100 CET] path: /api/generateplan/, method: GET
[2021-02-10 11:46:49.617967 +0100 CET] path: /api/generateplan/, method: GET
[2021-02-10 11:46:50.991618 +0100 CET] path: /api/generateplan/, method: GET
[2021-02-10 11:46:52.248867 +0100 CET] path: /api/generateplan/, method: GET
[2021-02-10 11:46:54.125472 +0100 CET] path: /api/generateplan/, method: GET
[2021-02-10 11:46:56.589837 +0100 CET] path: /api/generateplan/, method: GET
[2021-02-10 11:46:57.905109 +0100 CET] path: /api/generateplan/, method: GET
[2021-02-10 11:47:14.469956 +0100 CET] path: /api/generateplan/, method: GET
[2021-02-10 12:00:59.11491 +0100 CET] path: /api/generateplan/, method: GET
[2021-02-10 12:01:03.701116 +0100 CET] path: /api/generateplan/, method: GET
[2021-02-10 12:01:05.486818 +0100 CET] path: /api/generateplan/, method: GET
[2021-02-10 12:01:09.467991 +0100 CET] path: /api/generateplan/, method: GET
[2021-02-10 12:02:09.29998 +0100 CET] path: /api/generateplan/, method: GET
[2021-02-10 12:02:10.509802 +0100 CET] path: /api/generateplan/, method: GET
[2021-02-10 12:02:53.209355 +0100 CET] path: /api/generateplan/, method: GET
[2021-02-10 12:05:11.943113 +0100 CET] path: /api/generateplan/, method: GET
[2021-02-10 12:05:14.76417 +0100 CET] path: /api/generateplan/, method: GET
[2021-02-10 12:05:15.506618 +0100 CET] path: /api/generateplan/, method: GET
[2021-02-10 12:07:16.217578 +0100 CET] path: /api/generateplan/, method: GET
[2021-02-10 12:07:18.200027 +0100 CET] path: /api/generateplan/, method: GET
[2021-02-10 12:07:21.295439 +0100 CET] path: /auth/obtain/, method: POST
[2021-02-10 12:08:45.299857 +0100 CET] path: /api/generateplan/, method: GET
[2021-02-10 12:10:23.124697 +0100 CET] path: /api/generateplan/, method: GET
[2021-02-10 12:10:24.429831 +0100 CET] path: /api/generateplan/, method: GET
[2021-02-10 12:10:30.236392 +0100 CET] path: /api/generateplan/, method: GET
[2021-02-10 12:10:31.866543 +0100 CET] path: /api/generateplan/, method: GET
[2021-02-10 12:10:34.067936 +0100 CET] path: /api/generateplan/, method: GET
[2021-02-10 12:12:55.636167 +0100 CET] path: /api/generateplan/, method: GET
[2021-02-10 12:12:57.129151 +0100 CET] path: /api/generateplan/, method: GET
[2021-02-10 12:12:59.295011 +0100 CET] path: /api/generateplan/, method: GET
[2021-02-10 12:13:22.94533 +0100 CET] path: /api/generateplan/, method: GET
[2021-02-10 12:13:31.851074 +0100 CET] path: /api/generateplan/, method: GET
[2021-02-10 12:13:33.348862 +0100 CET] path: /api/generateplan/, method: GET
[2021-02-10 12:14:02.585713 +0100 CET] path: /api/generateplan/, method: GET
[2021-02-10 12:14:04.917217 +0100 CET] path: /api/generateplan/, method: GET
[2021-02-10 12:14:06.380417 +0100 CET] path: /api/generateplan/, method: GET
[2021-02-10 12:14:07.843494 +0100 CET] path: /api/generateplan/, method: GET
[2021-02-10 12:14:45.050791 +0100 CET] path: /api/generateplan/, method: GET
[2021-02-10 12:15:35.015302 +0100 CET] path: /api/generateplan/, method: GET
[2021-02-10 12:15:36.667455 +0100 CET] path: /api/generateplan/, method: GET
[2021-02-10 12:15:38.023394 +0100 CET] path: /api/generateplan/, method: GET
[2021-02-10 12:24:22.548336 +0100 CET] path: /api/generateplan/, method: GET
[2021-02-10 12:55:22.782233 +0100 CET] path: /api/profile/update/, method: GET
[2021-02-10 20:56:21.224563 +0100 CET] path: /api/generateplan/, method: GET
[2021-02-10 20:56:24.054942 +0100 CET] path: /api/generateplan/, method: GET
[2021-02-10 20:56:25.919695 +0100 CET] path: /api/generateplan/, method: GET
[2021-02-10 21:49:27.553387 +0100 CET] path: /auth/obtain/, method: POST
[2021-02-10 21:49:30.31061 +0100 CET] path: /api/generateplan/, method: GET
[2021-02-10 21:49:33.308256 +0100 CET] path: /api/generateplan/, method: GET
[2021-02-10 21:49:35.430795 +0100 CET] path: /api/generateplan/, method: GET
[2021-02-10 22:52:26.634437 +0100 CET] path: /auth/create/, method: POST
[2021-02-10 23:00:43.403863 +0100 CET] path: /auth/create/, method: POST
[2021-02-10 23:00:52.667039 +0100 CET] path: /auth/create/, method: POST
[2021-02-10 23:34:46.696377 +0100 CET] path: /auth/obtain/, method: POST
[2021-02-10 23:37:30.346327 +0100 CET] path: /auth/obtain/, method: POST
[2021-02-10 23:58:43.980486 +0100 CET] path: /auth/obtain/, method: POST
[2021-02-10 23:59:57.88498 +0100 CET] path: /auth/obtain/, method: POST
[2021-02-11 00:00:05.754721 +0100 CET] path: /auth/obtain/, method: POST
[2021-02-12 09:43:48.444059 +0100 CET] path: /api/profile/update/, method: GET
[2021-02-12 09:44:30.442108 +0100 CET] path: /api/profile/update/, method: POST
[2021-02-12 09:45:21.400078 +0100 CET] path: /api/profile/update/, method: POST
[2021-02-12 09:46:05.465249 +0100 CET] path: /api/profile/update/, method: POST
[2021-02-12 09:46:41.174431 +0100 CET] path: /api/profile/update/, method: POST
[2021-02-12 09:47:37.75343 +0100 CET] path: /api/profile/update/, method: POST
[2021-02-12 09:49:02.157654 +0100 CET] path: /api/profile/update/, method: POST
[2021-02-12 09:49:23.402489 +0100 CET] path: /api/profile/update/, method: POST
[2021-02-12 21:36:16.802018 +0100 CET] path: /api/profile/update/, method: POST
[2021-02-13 00:10:39.196735 +0100 CET] path: /api/profile/update/, method: POST
[2021-02-13 00:11:29.743554 +0100 CET] path: /api/profile/update/, method: POST
[2021-02-13 16:49:03.995059 +0100 CET] path: /api/profile/update/, method: POST
[2021-02-13 16:55:12.341128 +0100 CET] path: /api/profile/update/, method: POST
[2021-02-13 18:17:00.688448 +0100 CET] path: /auth/obtain/, method: POST
[2021-02-13 18:18:57.045342 +0100 CET] path: /auth/obtain/, method: POST
[2021-02-13 18:19:03.493471 +0100 CET] path: /auth/obtain/, method: OPTIONS
[2021-02-13 18:19:03.49557 +0100 CET] path: /auth/obtain/, method: POST
[2021-02-13 18:47:59.260097 +0100 CET] path: /auth/obtain/, method: POST
[2021-02-13 19:57:43.710108 +0100 CET] path: /api/profile/update/, method: POST
[2021-02-13 19:57:47.2675 +0100 CET] path: /api/profile/update/, method: POST
[2021-02-13 19:59:22.464189 +0100 CET] path: /api/profile/update/, method: POST
[2021-02-13 19:59:23.116282 +0100 CET] path: /api/profile/update/, method: POST
[2021-02-13 20:00:17.933473 +0100 CET] path: /api/profile/update/, method: POST
[2021-02-13 20:02:00.756963 +0100 CET] path: /api/profile/update/, method: POST
[2021-02-13 20:02:36.929771 +0100 CET] path: /api/profile/update/, method: POST
[2021-02-13 20:05:15.195005 +0100 CET] path: /api/profile/update/, method: POST
[2021-02-13 20:13:35.484191 +0100 CET] path: /api/profile/update/, method: GET
[2021-02-13 20:13:37.43251 +0100 CET] path: /api/profile/update/, method: GET
[2021-02-13 20:16:14.013138 +0100 CET] path: /api/profile/update/, method: GET
[2021-02-13 20:16:19.260864 +0100 CET] path: /api/profile/update/, method: POST
[2021-02-13 20:16:42.305151 +0100 CET] path: /api/profile/update/, method: POST
[2021-02-13 20:19:52.827027 +0100 CET] path: /api/profile/update/, method: POST
[2021-02-15 08:12:58.532321 +0100 CET] path: /api/profile/update/, method: POST
[2021-02-15 10:37:42.506895 +0100 CET] path: /api/profile/update/, method: POST
[2021-02-15 11:28:50.273353 +0100 CET] path: /api/profile/update/, method: POST
[2021-02-15 11:28:55.941725 +0100 CET] path: /api/profile/update/, method: POST
[2021-02-15 11:44:39.80305 +0100 CET] path: /api/profile/update/, method: POST
[2021-02-15 11:44:48.837312 +0100 CET] path: /api/profile/update/, method: POST
[2021-02-15 11:44:52.853912 +0100 CET] path: /api/profile/update/, method: POST
[2021-02-15 11:45:52.88218 +0100 CET] path: /api/profile/update/, method: POST
[2021-02-15 11:46:20.819069 +0100 CET] path: /api/profile/update/, method: POST
[2021-02-15 11:52:12.016006 +0100 CET] path: /api/profile/update/, method: POST
[2021-02-15 11:55:22.722581 +0100 CET] path: /api/profile/update/, method: POST
[2021-02-15 11:59:51.978497 +0100 CET] path: /api/profile/update/, method: POST
[2021-02-15 12:00:10.285219 +0100 CET] path: /api/profile/update/, method: POST
[2021-02-15 12:00:32.291976 +0100 CET] path: /api/profile/update/, method: POST
[2021-02-15 12:00:53.542863 +0100 CET] path: /api/profile/update/, method: POST
[2021-02-15 12:03:05.072357 +0100 CET] path: /api/profile/update/, method: POST
[2021-02-15 12:15:15.656556 +0100 CET] path: /api/profile/update/, method: POST
[2021-02-15 12:18:08.944385 +0100 CET] path: /api/profile/update/, method: POST
[2021-02-15 12:18:36.744241 +0100 CET] path: /api/profile/update/, method: POST
[2021-02-15 12:18:53.913594 +0100 CET] path: /api/profile/update/, method: POST
[2021-02-15 12:19:50.908169 +0100 CET] path: /api/profile/update/, method: POST
[2021-02-15 12:20:25.063843 +0100 CET] path: /api/profile/update/, method: POST
[2021-02-15 13:23:58.683108 +0100 CET] path: /api/profile/update/, method: POST
[2021-02-15 13:52:55.147504 +0100 CET] path: /api/profile/update/, method: POST
[2021-02-15 13:54:55.83286 +0100 CET] path: /api/profile/update/, method: POST
[2021-02-15 21:28:22.935306 +0100 CET] path: /api/profile/update/, method: POST
[2021-02-15 21:30:14.836646 +0100 CET] path: /api/profile/update/, method: POST
[2021-02-15 21:30:15.414944 +0100 CET] path: /api/profile/update/, method: POST
[2021-02-15 21:30:20.922307 +0100 CET] path: /api/profile/update/, method: POST
[2021-02-15 21:30:21.590486 +0100 CET] path: /api/profile/update/, method: POST
[2021-02-15 21:30:22.505331 +0100 CET] path: /api/profile/update/, method: POST
[2021-02-15 21:30:48.488194 +0100 CET] path: /api/profile/update/, method: POST
[2021-02-15 21:31:04.727186 +0100 CET] path: /api/profile/update/, method: POST
[2021-02-15 21:31:55.018505 +0100 CET] path: /api/profile/update/, method: POST
[2021-02-15 21:32:07.903849 +0100 CET] path: /api/profile/update/, method: POST
[2021-02-15 21:47:40.101045 +0100 CET] path: /api/profile/update/, method: POST
[2021-02-15 21:48:14.827043 +0100 CET] path: /api/profile/update/, method: POST
[2021-02-15 21:48:20.784298 +0100 CET] path: /api/profile/update/, method: POST
[2021-02-15 21:49:51.726557 +0100 CET] path: /api/profile/update/, method: POST
[2021-02-15 21:55:56.032252 +0100 CET] path: /api/profile/update/, method: POST
[2021-02-15 21:59:02.439996 +0100 CET] path: /api/profile/update/, method: POST
[2021-02-15 22:02:18.923621 +0100 CET] path: /api/profile/update/, method: POST
[2021-02-15 22:02:55.184209 +0100 CET] path: /api/profile/update/, method: POST
[2021-02-15 22:07:13.627245 +0100 CET] path: /api/profile/update/, method: POST
[2021-02-15 22:07:40.957254 +0100 CET] path: /api/profile/update/, method: POST
[2021-02-15 22:12:16.880133 +0100 CET] path: /api/profile/update/, method: POST
[2021-02-15 22:12:56.223592 +0100 CET] path: /api/profile/update/, method: POST
[2021-02-15 22:15:26.206738 +0100 CET] path: /api/profile/update/, method: POST
[2021-02-15 22:15:42.000274 +0100 CET] path: /api/profile/update/, method: POST
[2021-02-15 22:17:51.867815 +0100 CET] path: /api/profile/update/, method: POST
[2021-02-15 22:21:01.625728 +0100 CET] path: /api/profile/update/, method: POST
[2021-02-16 10:58:57.939796 +0100 CET] path: /api/profile/update/, method: POST
[2021-02-16 10:59:07.877344 +0100 CET] path: /api/profile/update/, method: POST
[2021-02-16 11:03:20.916785 +0100 CET] path: /api/profile/update/, method: POST
[2021-02-16 11:04:01.388175 +0100 CET] path: /api/profile/update/, method: POST
[2021-02-16 11:04:01.611739 +0100 CET] path: /api/profile/update/, method: POST
[2021-02-16 11:04:02.120772 +0100 CET] path: /api/profile/update/, method: POST
[2021-02-16 11:04:02.577626 +0100 CET] path: /api/profile/update/, method: POST
[2021-02-16 11:29:57.840406 +0100 CET] path: /api/profile/update/, method: POST
[2021-02-16 11:31:10.878154 +0100 CET] path: /api/profile/update/, method: POST
[2021-02-16 11:31:32.113796 +0100 CET] path: /api/profile/update/, method: POST
[2021-02-16 11:31:51.020265 +0100 CET] path: /api/profile/update/, method: POST
[2021-02-16 11:37:24.226067 +0100 CET] path: /api/profile/update/, method: POST
[2021-02-16 11:37:34.468055 +0100 CET] path: /api/profile/update/, method: POST
[2021-02-16 11:51:52.406087 +0100 CET] path: /api/profile/update/, method: POST
[2021-02-16 11:52:26.012354 +0100 CET] path: /api/profile/update/, method: POST
[2021-02-16 11:52:51.728319 +0100 CET] path: /api/profile/update/, method: POST
[2021-02-16 12:05:09.436597 +0100 CET] path: /api/profile/update/, method: POST
[2021-02-16 12:12:06.267115 +0100 CET] path: /api/profile/update/, method: POST
